<?xml version="1.0" encoding="UTF-8"?>
<!-- Generated by org.testng.reporters.JUnitXMLReporter -->
<testsuite ignored="10" hostname="Bhavins-MacBook-Air.local" failures="0" tests="1" name="Default test" time="32.148" errors="0" timestamp="12 Feb. 2023 15:19:35 GMT">
  <testcase classname="login.LoginTest" name="LoginValueisNotEmail_WithPassword" time="20.572"/>
  <testcase classname="login.LoginTest" name="LoginInValidEmail_Passwordwith5Character" time="0.0">
    <ignored/>
  </testcase> <!-- LoginInValidEmail_Passwordwith5Character -->
  <testcase classname="login.LoginTest" name="ClickonForgetUrPassword" time="0.0">
    <ignored/>
  </testcase> <!-- ClickonForgetUrPassword -->
  <testcase classname="login.LoginTest" name="loginPageUrlTest" time="0.0">
    <ignored/>
  </testcase> <!-- loginPageUrlTest -->
  <testcase classname="login.LoginTest" name="LoginInValidEmail_Passwordwith8Character" time="0.0">
    <ignored/>
  </testcase> <!-- LoginInValidEmail_Passwordwith8Character -->
  <testcase classname="login.LoginTest" name="ClickonContactUs" time="0.0">
    <ignored/>
  </testcase> <!-- ClickonContactUs -->
  <testcase classname="login.LoginTest" name="ClickonCreateAccount" time="0.0">
    <ignored/>
  </testcase> <!-- ClickonCreateAccount -->
  <testcase classname="login.LoginTest" name="loginPageTitleTest" time="0.0">
    <ignored/>
  </testcase> <!-- loginPageTitleTest -->
  <testcase classname="login.LoginTest" name="LoginValidEmail_ValidPasswod" time="0.0">
    <ignored/>
  </testcase> <!-- LoginValidEmail_ValidPasswod -->
  <testcase classname="login.LoginTest" name="LoginEnterKeys" time="0.0">
    <ignored/>
  </testcase> <!-- LoginEnterKeys -->
  <testcase classname="login.LoginTest" name="LoginwithEmptyEmail_EmptyPassword" time="0.0">
    <ignored/>
  </testcase> <!-- LoginwithEmptyEmail_EmptyPassword -->
</testsuite> <!-- Default test -->
